  Assembling Lab1.asm...
  Assembling test.asm...
test.asm(1): error A2008: syntax error : .
test.asm(2): error A2008: syntax error : .
test.asm(3): error A2008: syntax error : .
test.asm(4): error A2008: syntax error : .
test.asm(5): error A2008: syntax error : .
test.asm(6): error A2034: must be in segment block
test.asm(7): error A2008: syntax error : .
test.asm(8): error A2008: syntax error : .
test.asm(9): error A2008: syntax error : .
test.asm(10): error A2008: syntax error : .
test.asm(11): error A2034: must be in segment block
test.asm(12): error A2034: must be in segment block
test.asm(13): error A2008: syntax error : .
test.asm(14): error A2034: must be in segment block
test.asm(15): error A2008: syntax error : .
test.asm(16): error A2008: syntax error : .
test.asm(17): error A2034: must be in segment block
test.asm(18): error A2008: syntax error : .
test.asm(19): error A2034: must be in segment block
test.asm(20): error A2034: must be in segment block
test.asm(21): error A2034: must be in segment block
test.asm(22): error A2034: must be in segment block
test.asm(23): error A2034: must be in segment block
test.asm(24): error A2034: must be in segment block
test.asm(25): error A2034: must be in segment block
test.asm(26): error A2034: must be in segment block
test.asm(27): error A2034: must be in segment block
test.asm(28): error A2034: must be in segment block
test.asm(29): error A2034: must be in segment block
test.asm(30): error A2034: must be in segment block
test.asm(31): error A2034: must be in segment block
test.asm(32): error A2034: must be in segment block
test.asm(33): error A2034: must be in segment block
test.asm(34): error A2034: must be in segment block
test.asm(35): error A2034: must be in segment block
test.asm(36): error A2034: must be in segment block
test.asm(37): error A2034: must be in segment block
test.asm(38): error A2034: must be in segment block
test.asm(39): error A2034: must be in segment block
test.asm(40): error A2034: must be in segment block
test.asm(41): error A2034: must be in segment block
test.asm(42): error A2034: must be in segment block
test.asm(43): error A2034: must be in segment block
test.asm(44): error A2034: must be in segment block
test.asm(45): error A2034: must be in segment block
test.asm(46): error A2034: must be in segment block
test.asm(47): error A2034: must be in segment block
test.asm(48): error A2034: must be in segment block
test.asm(49): error A2034: must be in segment block
test.asm(50): error A2034: must be in segment block
test.asm(51): error A2034: must be in segment block
test.asm(52): error A2034: must be in segment block
test.asm(53): error A2034: must be in segment block
test.asm(54): error A2034: must be in segment block
test.asm(55): error A2034: must be in segment block
test.asm(56): error A2034: must be in segment block
test.asm(57): error A2034: must be in segment block
test.asm(58): error A2034: must be in segment block
test.asm(59): error A2034: must be in segment block
test.asm(60): error A2034: must be in segment block
test.asm(61): error A2034: must be in segment block
test.asm(62): error A2034: must be in segment block
test.asm(63): error A2034: must be in segment block
test.asm(64): error A2034: must be in segment block
test.asm(65): error A2034: must be in segment block
test.asm(66): error A2034: must be in segment block
test.asm(67): error A2008: syntax error : in instruction
test.asm(68): error A2034: must be in segment block
test.asm(69): error A2034: must be in segment block
test.asm(70): error A2034: must be in segment block
test.asm(71): error A2034: must be in segment block
test.asm(72): error A2034: must be in segment block
test.asm(73): error A2034: must be in segment block
test.asm(74): error A2034: must be in segment block
test.asm(75): error A2034: must be in segment block
test.asm(76): error A2034: must be in segment block
test.asm(77): error A2034: must be in segment block
test.asm(78): error A2034: must be in segment block
test.asm(79): error A2034: must be in segment block
test.asm(80): error A2034: must be in segment block
test.asm(81): error A2034: must be in segment block
test.asm(82): error A2034: must be in segment block
test.asm(83): error A2034: must be in segment block
test.asm(84): error A2034: must be in segment block
test.asm(85): error A2034: must be in segment block
test.asm(86): error A2034: must be in segment block
test.asm(87): error A2034: must be in segment block
test.asm(88): error A2034: must be in segment block
test.asm(89): error A2034: must be in segment block
test.asm(90): error A2008: syntax error : .
test.asm(91): error A2008: syntax error : .
test.asm(92): error A2034: must be in segment block
test.asm(93): error A2008: syntax error : .
test.asm(94): error A2034: must be in segment block
test.asm(95): error A2008: syntax error : .
test.asm(96): error A2008: syntax error : .
test.asm(96): error A2088: END directive required at end of file
D:\visual studio\MSBuild\Microsoft\VC\v170\BuildCustomizations\masm.targets(70,5): error MSB3721: выход из команды "ml.exe /c /nologo /Zi /Fo"Debug\test.obj" /W3 /errorReport:prompt  /Tatest.asm" с кодом "1".
