d:\kpi\sp\lab9\debug\vc142.pdb
d:\kpi\sp\lab9\debug\vc142.idb
d:\kpi\sp\lab9\debug\lab9.obj
d:\kpi\sp\lab9\debug\lab9.exe
d:\kpi\sp\lab9\debug\lab9.ilk
d:\kpi\sp\lab9\debug\lab9.pdb
d:\kpi\sp\lab9\debug\vectfpu.obj
d:\kpi\sp\lab9\debug\vectsse.obj
d:\kpi\sp\lab9\debug\lab9.res
d:\kpi\sp\lab9\debug\lab9.tlog\cl.command.1.tlog
d:\kpi\sp\lab9\debug\lab9.tlog\cl.read.1.tlog
d:\kpi\sp\lab9\debug\lab9.tlog\cl.write.1.tlog
d:\kpi\sp\lab9\debug\lab9.tlog\link.command.1.tlog
d:\kpi\sp\lab9\debug\lab9.tlog\link.read.1.tlog
d:\kpi\sp\lab9\debug\lab9.tlog\link.write.1.tlog
d:\kpi\sp\lab9\debug\lab9.tlog\masm.read.1u.tlog
d:\kpi\sp\lab9\debug\lab9.tlog\masm.write.1u.tlog
d:\kpi\sp\lab9\debug\lab9.tlog\rc.command.1.tlog
d:\kpi\sp\lab9\debug\lab9.tlog\rc.read.1.tlog
d:\kpi\sp\lab9\debug\lab9.tlog\rc.write.1.tlog
