  Lab4.cpp
D:\IT\KPI_Labs\C++\PP_Lab4\Lab4.cpp(18,2): error C2143: синтаксическая ошибка: отсутствие ";" перед "const"
D:\IT\KPI_Labs\C++\PP_Lab4\Lab4.cpp(39,7): error C2143: синтаксическая ошибка: отсутствие ";" перед "if"
D:\IT\KPI_Labs\C++\PP_Lab4\Lab4.cpp(41,5): error C2143: синтаксическая ошибка: отсутствие ";" перед "константа"
D:\IT\KPI_Labs\C++\PP_Lab4\Lab4.cpp(41,8): error C2146: синтаксическая ошибка: отсутствие ";" перед идентификатором "inputMatrix"
D:\IT\KPI_Labs\C++\PP_Lab4\Lab4.cpp(42,7): error C2146: синтаксическая ошибка: отсутствие ";" перед идентификатором "inputVector"
D:\IT\KPI_Labs\C++\PP_Lab4\Lab4.cpp(44,3): error C2143: синтаксическая ошибка: отсутствие ";" перед "}"
D:\IT\KPI_Labs\C++\PP_Lab4\Lab4.cpp(47,5): error C2143: синтаксическая ошибка: отсутствие ";" перед "константа"
D:\IT\KPI_Labs\C++\PP_Lab4\Lab4.cpp(47,8): error C2146: синтаксическая ошибка: отсутствие ";" перед идентификатором "inputMatrix"
D:\IT\KPI_Labs\C++\PP_Lab4\Lab4.cpp(48,7): error C2146: синтаксическая ошибка: отсутствие ";" перед идентификатором "d"
D:\IT\KPI_Labs\C++\PP_Lab4\Lab4.cpp(50,3): error C2143: синтаксическая ошибка: отсутствие ";" перед "}"
D:\IT\KPI_Labs\C++\PP_Lab4\Lab4.cpp(53,5): error C2143: синтаксическая ошибка: отсутствие ";" перед "константа"
D:\IT\KPI_Labs\C++\PP_Lab4\Lab4.cpp(53,8): error C2146: синтаксическая ошибка: отсутствие ";" перед идентификатором "inputVector"
D:\IT\KPI_Labs\C++\PP_Lab4\Lab4.cpp(54,7): error C2146: синтаксическая ошибка: отсутствие ";" перед идентификатором "p"
D:\IT\KPI_Labs\C++\PP_Lab4\Lab4.cpp(56,3): error C2143: синтаксическая ошибка: отсутствие ";" перед "}"
D:\IT\KPI_Labs\C++\PP_Lab4\Lab4.cpp(59,5): error C2143: синтаксическая ошибка: отсутствие ";" перед "константа"
D:\IT\KPI_Labs\C++\PP_Lab4\Lab4.cpp(59,8): error C2146: синтаксическая ошибка: отсутствие ";" перед идентификатором "inputVector"
D:\IT\KPI_Labs\C++\PP_Lab4\Lab4.cpp(60,7): error C2146: синтаксическая ошибка: отсутствие ";" перед идентификатором "inputVector"
D:\IT\KPI_Labs\C++\PP_Lab4\Lab4.cpp(62,3): error C2143: синтаксическая ошибка: отсутствие ";" перед "}"
D:\IT\KPI_Labs\C++\PP_Lab4\Lab4.cpp(64,4): error C2143: синтаксическая ошибка: отсутствие ";" перед "константа"
D:\IT\KPI_Labs\C++\PP_Lab4\Lab4.cpp(64,7): error C2014: команда препроцессора не должна начинаться с пробела
D:\IT\KPI_Labs\C++\PP_Lab4\Lab4.cpp(65,4): error C2143: синтаксическая ошибка: отсутствие ";" перед "константа"
D:\IT\KPI_Labs\C++\PP_Lab4\Lab4.cpp(66,4): error C2143: синтаксическая ошибка: отсутствие ";" перед "константа"
D:\IT\KPI_Labs\C++\PP_Lab4\Lab4.cpp(66,7): error C2144: синтаксическая ошибка: перед "int" требуется ";"
D:\IT\KPI_Labs\C++\PP_Lab4\Lab4.cpp(68,4): error C2143: синтаксическая ошибка: отсутствие ";" перед "константа"
D:\IT\KPI_Labs\C++\PP_Lab4\Lab4.cpp(68,7): error C2146: синтаксическая ошибка: отсутствие ";" перед идентификатором "ai"
D:\IT\KPI_Labs\C++\PP_Lab4\Lab4.cpp(70,4): error C2143: синтаксическая ошибка: отсутствие ";" перед "константа"
D:\IT\KPI_Labs\C++\PP_Lab4\Lab4.cpp(71,4): error C2143: синтаксическая ошибка: отсутствие ";" перед "константа"
D:\IT\KPI_Labs\C++\PP_Lab4\Lab4.cpp(71,7): error C2014: команда препроцессора не должна начинаться с пробела
D:\IT\KPI_Labs\C++\PP_Lab4\Lab4.cpp(72,4): error C2143: синтаксическая ошибка: отсутствие ";" перед "константа"
D:\IT\KPI_Labs\C++\PP_Lab4\Lab4.cpp(72,7): error C2146: синтаксическая ошибка: отсутствие ";" перед идентификатором "a"
D:\IT\KPI_Labs\C++\PP_Lab4\Lab4.cpp(74,4): error C2143: синтаксическая ошибка: отсутствие ";" перед "константа"
D:\IT\KPI_Labs\C++\PP_Lab4\Lab4.cpp(75,4): error C2143: синтаксическая ошибка: отсутствие ";" перед "константа"
D:\IT\KPI_Labs\C++\PP_Lab4\Lab4.cpp(75,7): error C2146: синтаксическая ошибка: отсутствие ";" перед идентификатором "multiplyVectorAndSubMatrix"
D:\IT\KPI_Labs\C++\PP_Lab4\Lab4.cpp(77,4): error C2143: синтаксическая ошибка: отсутствие ";" перед "константа"
D:\IT\KPI_Labs\C++\PP_Lab4\Lab4.cpp(77,7): error C2014: команда препроцессора не должна начинаться с пробела
D:\IT\KPI_Labs\C++\PP_Lab4\Lab4.cpp(78,4): error C2143: синтаксическая ошибка: отсутствие ";" перед "константа"
D:\IT\KPI_Labs\C++\PP_Lab4\Lab4.cpp(79,4): error C2143: синтаксическая ошибка: отсутствие ";" перед "константа"
D:\IT\KPI_Labs\C++\PP_Lab4\Lab4.cpp(79,7): error C2144: синтаксическая ошибка: перед "int" требуется ";"
D:\IT\KPI_Labs\C++\PP_Lab4\Lab4.cpp(81,4): error C2143: синтаксическая ошибка: отсутствие ";" перед "константа"
D:\IT\KPI_Labs\C++\PP_Lab4\Lab4.cpp(81,7): error C2146: синтаксическая ошибка: отсутствие ";" перед идентификатором "omp_set_lock"
D:\IT\KPI_Labs\C++\PP_Lab4\Lab4.cpp(82,6): error C2146: синтаксическая ошибка: отсутствие ";" перед идентификатором "ai"
D:\IT\KPI_Labs\C++\PP_Lab4\Lab4.cpp(83,6): error C2146: синтаксическая ошибка: отсутствие ";" перед идентификатором "omp_unset_lock"
D:\IT\KPI_Labs\C++\PP_Lab4\Lab4.cpp(84,6): error C2146: синтаксическая ошибка: отсутствие ";" перед идентификатором "omp_set_lock"
D:\IT\KPI_Labs\C++\PP_Lab4\Lab4.cpp(85,6): error C2146: синтаксическая ошибка: отсутствие ";" перед идентификатором "pi"
D:\IT\KPI_Labs\C++\PP_Lab4\Lab4.cpp(86,6): error C2146: синтаксическая ошибка: отсутствие ";" перед идентификатором "omp_unset_lock"
D:\IT\KPI_Labs\C++\PP_Lab4\Lab4.cpp(87,6): error C2146: синтаксическая ошибка: отсутствие ";" перед идентификатором "omp_set_lock"
D:\IT\KPI_Labs\C++\PP_Lab4\Lab4.cpp(89,6): error C2146: синтаксическая ошибка: отсутствие ";" перед идентификатором "di"
D:\IT\KPI_Labs\C++\PP_Lab4\Lab4.cpp(90,6): error C2146: синтаксическая ошибка: отсутствие ";" перед идентификатором "omp_unset_lock"
D:\IT\KPI_Labs\C++\PP_Lab4\Lab4.cpp(92,4): error C2143: синтаксическая ошибка: отсутствие ";" перед "константа"
D:\IT\KPI_Labs\C++\PP_Lab4\Lab4.cpp(93,4): error C2143: синтаксическая ошибка: отсутствие ";" перед "константа"
D:\IT\KPI_Labs\C++\PP_Lab4\Lab4.cpp(93,7): error C2146: синтаксическая ошибка: отсутствие ";" перед идентификатором "calculateResultPart"
D:\IT\KPI_Labs\C++\PP_Lab4\Lab4.cpp(95,4): error C2143: синтаксическая ошибка: отсутствие ";" перед "константа"
D:\IT\KPI_Labs\C++\PP_Lab4\Lab4.cpp(95,7): error C2014: команда препроцессора не должна начинаться с пробела
D:\IT\KPI_Labs\C++\PP_Lab4\Lab4.cpp(96,4): error C2143: синтаксическая ошибка: отсутствие ";" перед "константа"
D:\IT\KPI_Labs\C++\PP_Lab4\Lab4.cpp(97,4): error C2143: синтаксическая ошибка: отсутствие ";" перед "константа"
D:\IT\KPI_Labs\C++\PP_Lab4\Lab4.cpp(97,7): error C2143: синтаксическая ошибка: отсутствие ";" перед "if"
D:\IT\KPI_Labs\C++\PP_Lab4\Lab4.cpp(98,7): error C2146: синтаксическая ошибка: отсутствие ";" перед идентификатором "outResult"
D:\IT\KPI_Labs\C++\PP_Lab4\Lab4.cpp(100,3): error C2143: синтаксическая ошибка: отсутствие ";" перед "}"
D:\IT\KPI_Labs\C++\PP_Lab4\Lab4.cpp(102,4): error C2143: синтаксическая ошибка: отсутствие ";" перед "константа"
D:\IT\KPI_Labs\C++\PP_Lab4\Lab4.cpp(102,7): error C2146: синтаксическая ошибка: отсутствие ";" перед идентификатором "string"
D:\IT\KPI_Labs\C++\PP_Lab4\Lab4.cpp(102,26): error C3861: to_string: идентификатор не найден
D:\IT\KPI_Labs\C++\PP_Lab4\Lab4.cpp(103,6): error C2146: синтаксическая ошибка: отсутствие ";" перед идентификатором "cout"
D:\IT\KPI_Labs\C++\PP_Lab4\Lab4.cpp(104,6): error C2143: синтаксическая ошибка: отсутствие ";" перед "}"
D:\IT\KPI_Labs\C++\PP_Lab4\Lab4.cpp(105,5): error C2146: синтаксическая ошибка: отсутствие ";" перед идентификатором "cout"
D:\IT\KPI_Labs\C++\PP_Lab4\Lab4.cpp(106,5): error C2143: синтаксическая ошибка: отсутствие ";" перед "}"
D:\IT\KPI_Labs\C++\PP_Lab4\Lab4.cpp(107,1): error C2059: синтаксическая ошибка: константа
D:\IT\KPI_Labs\C++\PP_Lab4\Lab4.cpp(108,36): error C2143: синтаксическая ошибка: отсутствие ";" перед "{"
D:\IT\KPI_Labs\C++\PP_Lab4\Lab4.cpp(108,36): error C2447: {: отсутствует заголовок функции (возможно, используется формальный список старого типа)
D:\IT\KPI_Labs\C++\PP_Lab4\Lab4.cpp(118,1): error C2059: синтаксическая ошибка: константа
D:\IT\KPI_Labs\C++\PP_Lab4\Lab4.cpp(119,32): error C2143: синтаксическая ошибка: отсутствие ";" перед "{"
D:\IT\KPI_Labs\C++\PP_Lab4\Lab4.cpp(119,32): error C2447: {: отсутствует заголовок функции (возможно, используется формальный список старого типа)
D:\IT\KPI_Labs\C++\PP_Lab4\Lab4.cpp(126,1): error C2059: синтаксическая ошибка: константа
D:\IT\KPI_Labs\C++\PP_Lab4\Lab4.cpp(127,48): error C2143: синтаксическая ошибка: отсутствие ";" перед "{"
D:\IT\KPI_Labs\C++\PP_Lab4\Lab4.cpp(127,48): error C2447: {: отсутствует заголовок функции (возможно, используется формальный список старого типа)
D:\IT\KPI_Labs\C++\PP_Lab4\Lab4.cpp(136,1): error C2059: синтаксическая ошибка: константа
D:\IT\KPI_Labs\C++\PP_Lab4\Lab4.cpp(137,69): error C2143: синтаксическая ошибка: отсутствие ";" перед "{"
D:\IT\KPI_Labs\C++\PP_Lab4\Lab4.cpp(137,69): error C2447: {: отсутствует заголовок функции (возможно, используется формальный список старого типа)
D:\IT\KPI_Labs\C++\PP_Lab4\Lab4.cpp(151,1): error C2059: синтаксическая ошибка: константа
D:\IT\KPI_Labs\C++\PP_Lab4\Lab4.cpp(152,62): error C2143: синтаксическая ошибка: отсутствие ";" перед "{"
D:\IT\KPI_Labs\C++\PP_Lab4\Lab4.cpp(152,62): error C2447: {: отсутствует заголовок функции (возможно, используется формальный список старого типа)
D:\IT\KPI_Labs\C++\PP_Lab4\Lab4.cpp(168,1): error C2059: синтаксическая ошибка: константа
D:\IT\KPI_Labs\C++\PP_Lab4\Lab4.cpp(169,22): error C2143: синтаксическая ошибка: отсутствие ";" перед "{"
D:\IT\KPI_Labs\C++\PP_Lab4\Lab4.cpp(169,22): error C2447: {: отсутствует заголовок функции (возможно, используется формальный список старого типа)
D:\IT\KPI_Labs\C++\PP_Lab4\Lab4.cpp(203,1): fatal  error C1004: непредвиденное обнаружение конца файла
